<?xml version="1.0" encoding="UTF-8"?>
<!-- Generated by org.testng.reporters.JUnitReportReporter -->
<testsuite hostname="lenovo-PC" name="com.mfzhang.service.TestService" tests="1" failures="0" timestamp="23 Sep 2016 01:38:33 GMT" time="1.243" errors="0">
  <testcase name="testThinker" time="1.243" classname="com.mfzhang.service.TestService"/>
</testsuite> <!-- com.mfzhang.service.TestService -->
