<?xml version="1.0" encoding="UTF-8"?>
<!-- Generated by org.testng.reporters.JUnitReportReporter -->
<testsuite hostname="lenovo-PC" name="com.mfzhang.service.TestService" tests="1" failures="0" timestamp="9 Sep 2016 02:00:55 GMT" time="0.324" errors="0">
  <testcase name="testPerfomer" time="0.324" classname="com.mfzhang.service.TestService"/>
</testsuite> <!-- com.mfzhang.service.TestService -->
